2022-08-26T12:46:48.262862716Z 20
2022-08-26T12:46:48.298400923Z Waiting X server...
2022-08-26T12:46:48.436453947Z Logging to: /dev/null
2022-08-26T12:46:48.437862384Z Waiting X server...
2022-08-26T12:46:48.543791854Z Waiting X server...
2022-08-26T12:46:48.661733477Z Waiting X server...
2022-08-26T12:46:48.785682365Z 2022/08/26 15:46:48 [-] [INIT] [Loading configuration files...]
2022-08-26T12:46:48.785717705Z 2022/08/26 15:46:48 [-] [INIT] [Loaded configuration from /tmp/browsers.json]
2022-08-26T12:46:48.785723991Z 
2022-08-26T12:46:48.785729648Z  --- x11vnc loop: 1 ---
2022-08-26T12:46:48.785734886Z 
2022-08-26T12:46:48.794548688Z 2022/08/26 15:46:48 [-] [INIT] [Timezone: Europe/Moscow]
2022-08-26T12:46:48.794581374Z 2022/08/26 15:46:48 [-] [INIT] [Listening on :4444]
2022-08-26T12:46:49.177618287Z 1661518009176	geckodriver	INFO	Listening on 127.0.0.1:38091
2022-08-26T12:46:49.177621151Z 2022/08/26 15:46:49 [-] [NEW_REQUEST] [unknown] [172.22.0.2]
2022-08-26T12:46:49.177665780Z 2022/08/26 15:46:49 [-] [NEW_REQUEST_ACCEPTED] [unknown] [172.22.0.2]
2022-08-26T12:46:49.177671088Z 2022/08/26 15:46:49 [0] [LOCATING_SERVICE] [firefox] []
2022-08-26T12:46:49.177675837Z 2022/08/26 15:46:49 [-] [DEFAULT_VERSION] [Using default version: 103.0]
2022-08-26T12:46:49.177681006Z 2022/08/26 15:46:49 [0] [USING_DRIVER] [firefox] [103.0]
2022-08-26T12:46:49.177685755Z 2022/08/26 15:46:49 [0] [ALLOCATING_PORT]
2022-08-26T12:46:49.177690993Z 2022/08/26 15:46:49 [0] [ALLOCATED_PORT] [38091]
2022-08-26T12:46:49.177695882Z 2022/08/26 15:46:49 [0] [STARTING_PROCESS] [[/usr/bin/geckodriver --port=38091]]
2022-08-26T12:46:49.227648604Z 2022/08/26 15:46:49 [0] [PROCESS_STARTED] [79] [0.05s]
2022-08-26T12:46:49.227689531Z 2022/08/26 15:46:49 [0] [PROXY_TO] [http://127.0.0.1:38091]
2022-08-26T12:46:49.227748757Z 2022/08/26 15:46:49 [0] [SESSION_ATTEMPTED] [http://127.0.0.1:38091] [1]
2022-08-26T12:46:49.230898569Z 1661518009230	mozrunner::runner	INFO	Running command: "/usr/bin/firefox" "--marionette" "--window-size=1280x1024x24" "-no-remote" "-profile" "/tmp/rust_mozprofilePPnah9"
2022-08-26T12:46:49.285778865Z  --- x11vnc loop: waiting for: 87
2022-08-26T12:46:49.285814624Z 
2022-08-26T12:46:49.375620472Z PORT=5900
2022-08-26T12:46:50.138240813Z [GFX1-]: glxtest: libpci missing
2022-08-26T12:46:50.138271334Z [GFX1-]: glxtest: libEGL missing
2022-08-26T12:46:50.165161475Z 1661518010165	Marionette	INFO	Marionette enabled
2022-08-26T12:46:50.170625646Z 1661518010170	Marionette	INFO	Listening on port 45557
2022-08-26T12:46:50.238376805Z Read port: 45557
2022-08-26T12:46:50.337151434Z 1661518010337	RemoteAgent	WARN	TLS certificate errors will be ignored for this session
2022-08-26T12:46:51.226276047Z console.warn: SearchSettings: "get: No settings file exists, new profile?" (new NotFoundError("Could not open the file at /tmp/rust_mozprofilePPnah9/search.json.mozlz4", (void 0)))
2022-08-26T12:46:52.776847572Z Missing chrome or resource URL: resource://gre/modules/UpdateListener.jsm
2022-08-26T12:46:52.776910499Z Missing chrome or resource URL: resource://gre/modules/UpdateListener.sys.mjs
2022-08-26T12:46:53.135180962Z 2022/08/26 15:46:53 [0] [SESSION_CREATED] [857549cc-8cbd-4661-a0b3-b68560e689fa] [1] [3.96s]
2022-08-26T12:46:55.452267569Z 2022/08/26 15:46:55 [7] [SESSION_DELETED] [857549cc-8cbd-4661-a0b3-b68560e689fa]
2022-08-26T12:46:55.457723569Z 1661518015457	Marionette	INFO	Stopped listening on port 45557
2022-08-26T12:46:55.583541502Z Missing chrome or resource URL: resource://gre/modules/UpdateListener.jsm
2022-08-26T12:46:55.583577680Z Missing chrome or resource URL: resource://gre/modules/UpdateListener.sys.mjs
2022-08-26T12:46:55.583657649Z console.error: "Error during quit-application-granted: [Exception... \"File error: Not found\"  nsresult: \"0x80520012 (NS_ERROR_FILE_NOT_FOUND)\"  location: \"JS frame :: resource:///modules/BrowserGlue.jsm :: _onQuitApplicationGranted/tasks< :: line 2006\"  data: no]"
2022-08-26T12:46:56.518651588Z 2022/08/26 15:46:56 [0] [TERMINATING_PROCESS] [79]
2022-08-26T12:46:56.519272415Z 2022/08/26 15:46:56 [0] [TERMINATED_PROCESS] [79] [0.00s]
