2022-08-21T23:14:48.471243580Z 20
2022-08-21T23:14:48.491857277Z Waiting X server...
2022-08-21T23:14:48.666666553Z Waiting X server...
2022-08-21T23:14:48.666722845Z Logging to: /dev/null
2022-08-21T23:14:48.767697042Z Waiting X server...
2022-08-21T23:14:48.888498513Z 
2022-08-21T23:14:48.888532456Z  --- x11vnc loop: 1 ---
2022-08-21T23:14:48.888538183Z 
2022-08-21T23:14:48.923102706Z 2022/08/22 02:14:48 [-] [INIT] [Loading configuration files...]
2022-08-21T23:14:48.925032026Z 2022/08/22 02:14:48 [-] [INIT] [Loaded configuration from /tmp/browsers.json]
2022-08-21T23:14:48.928582171Z 2022/08/22 02:14:48 [-] [INIT] [Timezone: Europe/Moscow]
2022-08-21T23:14:48.928611714Z 2022/08/22 02:14:48 [-] [INIT] [Listening on :4444]
2022-08-21T23:14:49.358503255Z 2022/08/22 02:14:49 [-] [NEW_REQUEST] [unknown] [172.23.0.2]
2022-08-21T23:14:49.358519249Z 2022/08/22 02:14:49 [-] [NEW_REQUEST_ACCEPTED] [unknown] [172.23.0.2]
2022-08-21T23:14:49.358525046Z 2022/08/22 02:14:49 [0] [LOCATING_SERVICE] [firefox] []
2022-08-21T23:14:49.358530842Z 2022/08/22 02:14:49 [-] [DEFAULT_VERSION] [Using default version: 103.0]
2022-08-21T23:14:49.358536639Z 2022/08/22 02:14:49 [0] [USING_DRIVER] [firefox] [103.0]
2022-08-21T23:14:49.358542227Z 2022/08/22 02:14:49 [0] [ALLOCATING_PORT]
2022-08-21T23:14:49.358547884Z 2022/08/22 02:14:49 [0] [ALLOCATED_PORT] [34447]
2022-08-21T23:14:49.358553681Z 2022/08/22 02:14:49 [0] [STARTING_PROCESS] [[/usr/bin/geckodriver --port=34447]]
2022-08-21T23:14:49.362749098Z 1661123689359	geckodriver	INFO	Listening on 127.0.0.1:34447
2022-08-21T23:14:49.391648656Z  --- x11vnc loop: waiting for: 77
2022-08-21T23:14:49.391688606Z 
2022-08-21T23:14:49.423645782Z 2022/08/22 02:14:49 [0] [PROCESS_STARTED] [74] [0.06s]
2022-08-21T23:14:49.423682519Z 2022/08/22 02:14:49 [0] [PROXY_TO] [http://127.0.0.1:34447]
2022-08-21T23:14:49.423688596Z 2022/08/22 02:14:49 [0] [SESSION_ATTEMPTED] [http://127.0.0.1:34447] [1]
2022-08-21T23:14:49.423701796Z 1661123689422	mozrunner::runner	INFO	Running command: "/usr/bin/firefox" "--marionette" "--window-size=1280x1024x24" "-no-remote" "-profile" "/tmp/rust_mozprofilel1bnUn"
2022-08-21T23:14:49.495010546Z PORT=5900
2022-08-21T23:14:50.353180484Z [GFX1-]: glxtest: libpci missing
2022-08-21T23:14:50.353209538Z [GFX1-]: glxtest: libEGL missing
2022-08-21T23:14:50.397185778Z 1661123690397	Marionette	INFO	Marionette enabled
2022-08-21T23:14:50.403641007Z 1661123690403	Marionette	INFO	Listening on port 35903
2022-08-21T23:14:50.430182695Z Read port: 35903
2022-08-21T23:14:50.559617561Z 1661123690559	RemoteAgent	WARN	TLS certificate errors will be ignored for this session
2022-08-21T23:14:51.474056306Z console.warn: SearchSettings: "get: No settings file exists, new profile?" (new NotFoundError("Could not open the file at /tmp/rust_mozprofilel1bnUn/search.json.mozlz4", (void 0)))
2022-08-21T23:14:52.859737747Z Missing chrome or resource URL: resource://gre/modules/UpdateListener.jsm
2022-08-21T23:14:52.859775811Z Missing chrome or resource URL: resource://gre/modules/UpdateListener.sys.mjs
2022-08-21T23:14:53.255463495Z 2022/08/22 02:14:53 [0] [SESSION_CREATED] [daf3a9de-3e86-4f57-b534-4481aaeeb4e4] [1] [3.90s]
2022-08-21T23:14:55.979880600Z 2022/08/22 02:14:55 [3] [SESSION_DELETED] [daf3a9de-3e86-4f57-b534-4481aaeeb4e4]
2022-08-21T23:14:56.059199755Z 1661123696059	Marionette	INFO	Stopped listening on port 35903
2022-08-21T23:14:56.798627804Z Missing chrome or resource URL: resource://gre/modules/UpdateListener.jsm
2022-08-21T23:14:56.798674109Z Missing chrome or resource URL: resource://gre/modules/UpdateListener.sys.mjs
2022-08-21T23:14:56.798785786Z console.error: "Error during quit-application-granted: [Exception... \"File error: Not found\"  nsresult: \"0x80520012 (NS_ERROR_FILE_NOT_FOUND)\"  location: \"JS frame :: resource:///modules/BrowserGlue.jsm :: _onQuitApplicationGranted/tasks< :: line 2006\"  data: no]"
2022-08-21T23:14:57.625495972Z 2022/08/22 02:14:57 [0] [TERMINATING_PROCESS] [74]
2022-08-21T23:14:57.628786375Z 2022/08/22 02:14:57 [0] [TERMINATED_PROCESS] [74] [0.00s]
